0 info it worked if it ends with ok
1 verbose cli [ '/usr/local/bin/node', '/usr/local/bin/npm', 'run', 'deploy' ]
2 info using npm@3.10.8
3 info using node@v6.9.1
4 verbose run-script [ 'predeploy', 'deploy', 'postdeploy' ]
5 info lifecycle imperativedesign@1.0.0~predeploy: imperativedesign@1.0.0
6 silly lifecycle imperativedesign@1.0.0~predeploy: no script for predeploy, continuing
7 info lifecycle imperativedesign@1.0.0~deploy: imperativedesign@1.0.0
8 verbose lifecycle imperativedesign@1.0.0~deploy: unsafe-perm in lifecycle true
9 verbose lifecycle imperativedesign@1.0.0~deploy: PATH: /usr/local/lib/node_modules/npm/bin/node-gyp-bin:/Users/peb7268/Desktop/dev/nodedev/imperativedesign.net/site/node_modules/.bin:/usr/local/heroku/bin:/Library/Frameworks/Python.framework/Versions/3.3/bin:/Users/peb7268:/Users/peb7268/Desktop/dev/vagrant/projects/intengo/www/bin/chromedriver:/Users/peb7268:/Users/peb7268/Desktop/dev/adt-bundle-mac-x86_64-20140702/sdk/tools/:/Users/peb7268:./node_modules/.bin:/Applications/XAMPP/xamppfiles/bin:/usr/local/bin:vendor/bin:/Users/peb7268/bin/Sencha/Cmd/3.1.2.342:/Library/Frameworks/Python.framework/Versions/3.3/bin:/Users/peb7268:./node_modules/.bin:/Applications/XAMPP/xamppfiles/bin:/usr/local/bin:vendor/bin:/usr/bin:/bin:/usr/sbin:/sbin:/usr/local/bin:/Users/peb7268/.composer/vendor/bin:/tools:/Users/peb7268/Desktop/huawei/2:/usr/local/bin:/usr/bin:/bin:/usr/sbin:/sbin:/Users/peb7268/.rvm/bin
10 verbose lifecycle imperativedesign@1.0.0~deploy: CWD: /Users/peb7268/Desktop/dev/nodedev/imperativedesign.net/site
11 silly lifecycle imperativedesign@1.0.0~deploy: Args: [ '-c',
11 silly lifecycle   'clear; git add . && git commit -m \'heroku deploy\' && git push && git push heroku' ]
12 silly lifecycle imperativedesign@1.0.0~deploy: Returned: code: 1  signal: null
13 info lifecycle imperativedesign@1.0.0~deploy: Failed to exec deploy script
14 verbose stack Error: imperativedesign@1.0.0 deploy: `clear; git add . && git commit -m 'heroku deploy' && git push && git push heroku`
14 verbose stack Exit status 1
14 verbose stack     at EventEmitter.<anonymous> (/usr/local/lib/node_modules/npm/lib/utils/lifecycle.js:255:16)
14 verbose stack     at emitTwo (events.js:106:13)
14 verbose stack     at EventEmitter.emit (events.js:191:7)
14 verbose stack     at ChildProcess.<anonymous> (/usr/local/lib/node_modules/npm/lib/utils/spawn.js:40:14)
14 verbose stack     at emitTwo (events.js:106:13)
14 verbose stack     at ChildProcess.emit (events.js:191:7)
14 verbose stack     at maybeClose (internal/child_process.js:877:16)
14 verbose stack     at Process.ChildProcess._handle.onexit (internal/child_process.js:226:5)
15 verbose pkgid imperativedesign@1.0.0
16 verbose cwd /Users/peb7268/Desktop/dev/nodedev/imperativedesign.net/site
17 error Darwin 16.6.0
18 error argv "/usr/local/bin/node" "/usr/local/bin/npm" "run" "deploy"
19 error node v6.9.1
20 error npm  v3.10.8
21 error code ELIFECYCLE
22 error imperativedesign@1.0.0 deploy: `clear; git add . && git commit -m 'heroku deploy' && git push && git push heroku`
22 error Exit status 1
23 error Failed at the imperativedesign@1.0.0 deploy script 'clear; git add . && git commit -m 'heroku deploy' && git push && git push heroku'.
23 error Make sure you have the latest version of node.js and npm installed.
23 error If you do, this is most likely a problem with the imperativedesign package,
23 error not with npm itself.
23 error Tell the author that this fails on your system:
23 error     clear; git add . && git commit -m 'heroku deploy' && git push && git push heroku
23 error You can get information on how to open an issue for this project with:
23 error     npm bugs imperativedesign
23 error Or if that isn't available, you can get their info via:
23 error     npm owner ls imperativedesign
23 error There is likely additional logging output above.
24 verbose exit [ 1, true ]
